生成启动时间为 4/1/2017 9:49:38 AM。
     1>项目“F:\Auto\VC\998_Test\HelloWorldVS2010\HelloWorldVS2010\HelloWorldVS2010.vcxproj”在节点 2 上(build 个目标)。
     1>PrepareForBuild:
         正在创建目录“F:\Auto\VC\998_Test\HelloWorldVS2010\Debug\”。
       InitializeBuildStatus:
         正在创建“Debug\HelloWorldVS2010.unsuccessfulbuild”，因为已指定“AlwaysCreate”。
       ClCompile:
         C:\Program Files\Microsoft Visual Studio 10.0\VC\bin\CL.exe /c /ZI /nologo /W3 /WX- /Od /Oy- /D WIN32 /D _WINDOWS /D _DEBUG /D _UNICODE /D UNICODE /D _AFXDLL /Gm /EHsc /RTC1 /MDd /GS /fp:precise /Zc:wchar_t /Zc:forScope /Yc"StdAfx.h" /Fp"Debug\HelloWorldVS2010.pch" /Fo"Debug\\" /Fd"Debug\vc100.pdb" /Gd /TP /analyze- /errorReport:prompt stdafx.cpp
         stdafx.cpp
         C:\Program Files\Microsoft Visual Studio 10.0\VC\bin\CL.exe /c /ZI /nologo /W3 /WX- /Od /Oy- /D WIN32 /D _WINDOWS /D _DEBUG /D _UNICODE /D UNICODE /D _AFXDLL /Gm /EHsc /RTC1 /MDd /GS /fp:precise /Zc:wchar_t /Zc:forScope /Yu"StdAfx.h" /Fp"Debug\HelloWorldVS2010.pch" /Fo"Debug\\" /Fd"Debug\vc100.pdb" /Gd /TP /analyze- /errorReport:prompt HelloWorldVS2010.cpp HelloWorldVS2010Dlg.cpp
         HelloWorldVS2010Dlg.cpp
         HelloWorldVS2010.cpp
         正在生成代码...
       ResourceCompile:
         C:\Program Files\Microsoft SDKs\Windows\v7.0A\bin\rc.exe /D _DEBUG /D _UNICODE /D UNICODE /D _AFXDLL /l"0x0804" /IDebug\ /nologo /fo"Debug\HelloWorldVS2010.res" HelloWorldVS2010.rc 
       ManifestResourceCompile:
         C:\Program Files\Microsoft SDKs\Windows\v7.0A\bin\rc.exe /nologo /fo"Debug\HelloWorldVS2010.exe.embed.manifest.res" Debug\HelloWorldVS2010_manifest.rc 
       Link:
         C:\Program Files\Microsoft Visual Studio 10.0\VC\bin\link.exe /ERRORREPORT:PROMPT /OUT:"F:\Auto\VC\998_Test\HelloWorldVS2010\Debug\HelloWorldVS2010.exe" /INCREMENTAL /NOLOGO /MANIFEST /ManifestFile:"Debug\HelloWorldVS2010.exe.intermediate.manifest" /MANIFESTUAC:"level='asInvoker' uiAccess='false'" /DEBUG /PDB:"F:\Auto\VC\998_Test\HelloWorldVS2010\Debug\HelloWorldVS2010.pdb" /SUBSYSTEM:WINDOWS /TLBID:1 /ENTRY:"wWinMainCRTStartup" /DYNAMICBASE /NXCOMPAT /IMPLIB:"F:\Auto\VC\998_Test\HelloWorldVS2010\Debug\HelloWorldVS2010.lib" /MACHINE:X86 Debug\HelloWorldVS2010.res
         Debug\HelloWorldVS2010.exe.embed.manifest.res
         Debug\HelloWorldVS2010.obj
         Debug\HelloWorldVS2010Dlg.obj
         Debug\stdafx.obj
       Manifest:
         C:\Program Files\Microsoft SDKs\Windows\v7.0A\bin\mt.exe /nologo /verbose /out:"Debug\HelloWorldVS2010.exe.embed.manifest" /manifest Debug\HelloWorldVS2010.exe.intermediate.manifest "C:\Program Files\Microsoft Visual Studio 10.0\VC\Include\Manifest\dpiaware.manifest"
         C:\Program Files\Microsoft SDKs\Windows\v7.0A\bin\rc.exe /nologo /fo"Debug\HelloWorldVS2010.exe.embed.manifest.res" Debug\HelloWorldVS2010_manifest.rc 
       LinkEmbedManifest:
         C:\Program Files\Microsoft Visual Studio 10.0\VC\bin\link.exe /ERRORREPORT:PROMPT /OUT:"F:\Auto\VC\998_Test\HelloWorldVS2010\Debug\HelloWorldVS2010.exe" /INCREMENTAL /NOLOGO /MANIFEST /ManifestFile:"Debug\HelloWorldVS2010.exe.intermediate.manifest" /MANIFESTUAC:"level='asInvoker' uiAccess='false'" /DEBUG /PDB:"F:\Auto\VC\998_Test\HelloWorldVS2010\Debug\HelloWorldVS2010.pdb" /SUBSYSTEM:WINDOWS /TLBID:1 /ENTRY:"wWinMainCRTStartup" /DYNAMICBASE /NXCOMPAT /IMPLIB:"F:\Auto\VC\998_Test\HelloWorldVS2010\Debug\HelloWorldVS2010.lib" /MACHINE:X86 Debug\HelloWorldVS2010.res
         Debug\HelloWorldVS2010.exe.embed.manifest.res
         Debug\HelloWorldVS2010.obj
         Debug\HelloWorldVS2010Dlg.obj
         Debug\stdafx.obj
         HelloWorldVS2010.vcxproj -> F:\Auto\VC\998_Test\HelloWorldVS2010\Debug\HelloWorldVS2010.exe
       FinalizeBuildStatus:
         正在删除文件“Debug\HelloWorldVS2010.unsuccessfulbuild”。
         正在对“Debug\HelloWorldVS2010.lastbuildstate”执行 Touch 任务。
     1>已完成生成项目“F:\Auto\VC\998_Test\HelloWorldVS2010\HelloWorldVS2010\HelloWorldVS2010.vcxproj”(build 个目标)的操作。

生成成功。

已用时间 00:00:11.03
